2022-05-27 10:09:28.028  INFO 12748 --- [main] c.y.d.DeviceServiceApplication           : Starting DeviceServiceApplication using Java 17.0.1 on DESKTOP-N4GUMKU with PID 12748 (C:\Users\admin\Desktop\microservices\device-service\target\classes started by admin in C:\Users\admin\Desktop\microservices)
2022-05-27 10:09:28.031  INFO 12748 --- [main] c.y.d.DeviceServiceApplication           : No active profile set, falling back to 1 default profile: "default"
2022-05-27 10:09:28.495  INFO 12748 --- [main] .s.d.r.c.RepositoryConfigurationDelegate : Bootstrapping Spring Data MongoDB repositories in DEFAULT mode.
2022-05-27 10:09:28.532  INFO 12748 --- [main] .s.d.r.c.RepositoryConfigurationDelegate : Finished Spring Data repository scanning in 33 ms. Found 1 MongoDB repository interfaces.
2022-05-27 10:09:28.882  INFO 12748 --- [main] o.s.b.w.embedded.tomcat.TomcatWebServer  : Tomcat initialized with port(s): 8080 (http)
2022-05-27 10:09:28.893  INFO 12748 --- [main] o.apache.catalina.core.StandardService   : Starting service [Tomcat]
2022-05-27 10:09:28.893  INFO 12748 --- [main] org.apache.catalina.core.StandardEngine  : Starting Servlet engine: [Apache Tomcat/9.0.63]
2022-05-27 10:09:28.965  INFO 12748 --- [main] o.a.c.c.C.[Tomcat].[localhost].[/]       : Initializing Spring embedded WebApplicationContext
2022-05-27 10:09:28.966  INFO 12748 --- [main] w.s.c.ServletWebServerApplicationContext : Root WebApplicationContext: initialization completed in 896 ms
2022-05-27 10:09:29.175  INFO 12748 --- [main] org.mongodb.driver.client                : MongoClient with metadata {"driver": {"name": "mongo-java-driver|sync|spring-boot", "version": "4.6.0"}, "os": {"type": "Windows", "name": "Windows 10", "architecture": "amd64", "version": "10.0"}, "platform": "Java/Oracle Corporation/17.0.1+12-39"} created with settings MongoClientSettings{readPreference=primary, writeConcern=WriteConcern{w=majority, wTimeout=null ms, journal=null}, retryWrites=true, retryReads=true, readConcern=ReadConcern{level=null}, credential=MongoCredential{mechanism=null, userName='admin', source='admin', password=<hidden>, mechanismProperties=<hidden>}, streamFactoryFactory=null, commandListeners=[], codecRegistry=ProvidersCodecRegistry{codecProviders=[ValueCodecProvider{}, BsonValueCodecProvider{}, DBRefCodecProvider{}, DBObjectCodecProvider{}, DocumentCodecProvider{}, IterableCodecProvider{}, MapCodecProvider{}, GeoJsonCodecProvider{}, GridFSFileCodecProvider{}, Jsr310CodecProvider{}, JsonObjectCodecProvider{}, BsonCodecProvider{}, EnumCodecProvider{}, com.mongodb.Jep395RecordCodecProvider@58f437b0]}, clusterSettings={hosts=[127.0.0.1:27017], srvHost=cluster0.8pzw0.mongodb.net, srvServiceName=mongodb, mode=MULTIPLE, requiredClusterType=REPLICA_SET, requiredReplicaSetName='atlas-jp7slh-shard-0', serverSelector='null', clusterListeners='[]', serverSelectionTimeout='30000 ms', localThreshold='30000 ms'}, socketSettings=SocketSettings{connectTimeoutMS=10000, readTimeoutMS=0, receiveBufferSize=0, sendBufferSize=0}, heartbeatSocketSettings=SocketSettings{connectTimeoutMS=10000, readTimeoutMS=10000, receiveBufferSize=0, sendBufferSize=0}, connectionPoolSettings=ConnectionPoolSettings{maxSize=100, minSize=0, maxWaitTimeMS=120000, maxConnectionLifeTimeMS=0, maxConnectionIdleTimeMS=0, maintenanceInitialDelayMS=0, maintenanceFrequencyMS=60000, connectionPoolListeners=[], maxConnecting=2}, serverSettings=ServerSettings{heartbeatFrequencyMS=10000, minHeartbeatFrequencyMS=500, serverListeners='[]', serverMonitorListeners='[]'}, sslSettings=SslSettings{enabled=true, invalidHostNameAllowed=false, context=null}, applicationName='null', compressorList=[], uuidRepresentation=JAVA_LEGACY, serverApi=null, autoEncryptionSettings=null, contextProvider=null}
2022-05-27 10:09:29.189  INFO 12748 --- [cluster-ClusterId{value='6290954953eecc7cdb9731fc', description='null'}-srv-cluster0.8pzw0.mongodb.net] org.mongodb.driver.cluster               : Adding discovered server cluster0-shard-00-02.8pzw0.mongodb.net:27017 to client view of cluster
2022-05-27 10:09:29.207  INFO 12748 --- [cluster-ClusterId{value='6290954953eecc7cdb9731fc', description='null'}-srv-cluster0.8pzw0.mongodb.net] org.mongodb.driver.cluster               : Adding discovered server cluster0-shard-00-00.8pzw0.mongodb.net:27017 to client view of cluster
2022-05-27 10:09:29.208  INFO 12748 --- [cluster-ClusterId{value='6290954953eecc7cdb9731fc', description='null'}-srv-cluster0.8pzw0.mongodb.net] org.mongodb.driver.cluster               : Adding discovered server cluster0-shard-00-01.8pzw0.mongodb.net:27017 to client view of cluster
2022-05-27 10:09:29.731  INFO 12748 --- [cluster-rtt-ClusterId{value='6290954953eecc7cdb9731fc', description='null'}-cluster0-shard-00-00.8pzw0.mongodb.net:27017] org.mongodb.driver.connection            : Opened connection [connectionId{localValue:5, serverValue:712040}] to cluster0-shard-00-00.8pzw0.mongodb.net:27017
2022-05-27 10:09:29.731  INFO 12748 --- [cluster-ClusterId{value='6290954953eecc7cdb9731fc', description='null'}-cluster0-shard-00-02.8pzw0.mongodb.net:27017] org.mongodb.driver.connection            : Opened connection [connectionId{localValue:1, serverValue:713783}] to cluster0-shard-00-02.8pzw0.mongodb.net:27017
2022-05-27 10:09:29.731  INFO 12748 --- [cluster-rtt-ClusterId{value='6290954953eecc7cdb9731fc', description='null'}-cluster0-shard-00-01.8pzw0.mongodb.net:27017] org.mongodb.driver.connection            : Opened connection [connectionId{localValue:2, serverValue:711323}] to cluster0-shard-00-01.8pzw0.mongodb.net:27017
2022-05-27 10:09:29.731  INFO 12748 --- [cluster-ClusterId{value='6290954953eecc7cdb9731fc', description='null'}-cluster0-shard-00-01.8pzw0.mongodb.net:27017] org.mongodb.driver.connection            : Opened connection [connectionId{localValue:3, serverValue:711323}] to cluster0-shard-00-01.8pzw0.mongodb.net:27017
2022-05-27 10:09:29.731  INFO 12748 --- [cluster-rtt-ClusterId{value='6290954953eecc7cdb9731fc', description='null'}-cluster0-shard-00-02.8pzw0.mongodb.net:27017] org.mongodb.driver.connection            : Opened connection [connectionId{localValue:6, serverValue:713783}] to cluster0-shard-00-02.8pzw0.mongodb.net:27017
2022-05-27 10:09:29.731  INFO 12748 --- [cluster-ClusterId{value='6290954953eecc7cdb9731fc', description='null'}-cluster0-shard-00-00.8pzw0.mongodb.net:27017] org.mongodb.driver.connection            : Opened connection [connectionId{localValue:4, serverValue:712040}] to cluster0-shard-00-00.8pzw0.mongodb.net:27017
2022-05-27 10:09:29.731  INFO 12748 --- [cluster-ClusterId{value='6290954953eecc7cdb9731fc', description='null'}-cluster0-shard-00-02.8pzw0.mongodb.net:27017] org.mongodb.driver.cluster               : Monitor thread successfully connected to server with description ServerDescription{address=cluster0-shard-00-02.8pzw0.mongodb.net:27017, type=REPLICA_SET_PRIMARY, state=CONNECTED, ok=true, minWireVersion=0, maxWireVersion=13, maxDocumentSize=16777216, logicalSessionTimeoutMinutes=30, roundTripTimeNanos=273432200, setName='atlas-jp7slh-shard-0', canonicalAddress=cluster0-shard-00-02.8pzw0.mongodb.net:27017, hosts=[cluster0-shard-00-01.8pzw0.mongodb.net:27017, cluster0-shard-00-00.8pzw0.mongodb.net:27017, cluster0-shard-00-02.8pzw0.mongodb.net:27017], passives=[], arbiters=[], primary='cluster0-shard-00-02.8pzw0.mongodb.net:27017', tagSet=TagSet{[Tag{name='nodeType', value='ELECTABLE'}, Tag{name='provider', value='AWS'}, Tag{name='region', value='EU_WEST_3'}, Tag{name='workloadType', value='OPERATIONAL'}]}, electionId=7fffffff0000000000000003, setVersion=1, topologyVersion=TopologyVersion{processId=6267fe678bf498efbca5ca10, counter=6}, lastWriteDate=Fri May 27 10:09:29 WEST 2022, lastUpdateTimeNanos=244219325589500}
2022-05-27 10:09:29.731  INFO 12748 --- [cluster-ClusterId{value='6290954953eecc7cdb9731fc', description='null'}-cluster0-shard-00-00.8pzw0.mongodb.net:27017] org.mongodb.driver.cluster               : Monitor thread successfully connected to server with description ServerDescription{address=cluster0-shard-00-00.8pzw0.mongodb.net:27017, type=REPLICA_SET_SECONDARY, state=CONNECTED, ok=true, minWireVersion=0, maxWireVersion=13, maxDocumentSize=16777216, logicalSessionTimeoutMinutes=30, roundTripTimeNanos=275140100, setName='atlas-jp7slh-shard-0', canonicalAddress=cluster0-shard-00-00.8pzw0.mongodb.net:27017, hosts=[cluster0-shard-00-01.8pzw0.mongodb.net:27017, cluster0-shard-00-00.8pzw0.mongodb.net:27017, cluster0-shard-00-02.8pzw0.mongodb.net:27017], passives=[], arbiters=[], primary='cluster0-shard-00-02.8pzw0.mongodb.net:27017', tagSet=TagSet{[Tag{name='nodeType', value='ELECTABLE'}, Tag{name='provider', value='AWS'}, Tag{name='region', value='EU_WEST_3'}, Tag{name='workloadType', value='OPERATIONAL'}]}, electionId=null, setVersion=1, topologyVersion=TopologyVersion{processId=6267fe14ca21e1288c631b01, counter=4}, lastWriteDate=Fri May 27 10:09:29 WEST 2022, lastUpdateTimeNanos=244219325586100}
2022-05-27 10:09:29.731  INFO 12748 --- [cluster-ClusterId{value='6290954953eecc7cdb9731fc', description='null'}-cluster0-shard-00-01.8pzw0.mongodb.net:27017] org.mongodb.driver.cluster               : Monitor thread successfully connected to server with description ServerDescription{address=cluster0-shard-00-01.8pzw0.mongodb.net:27017, type=REPLICA_SET_SECONDARY, state=CONNECTED, ok=true, minWireVersion=0, maxWireVersion=13, maxDocumentSize=16777216, logicalSessionTimeoutMinutes=30, roundTripTimeNanos=273506400, setName='atlas-jp7slh-shard-0', canonicalAddress=cluster0-shard-00-01.8pzw0.mongodb.net:27017, hosts=[cluster0-shard-00-01.8pzw0.mongodb.net:27017, cluster0-shard-00-00.8pzw0.mongodb.net:27017, cluster0-shard-00-02.8pzw0.mongodb.net:27017], passives=[], arbiters=[], primary='cluster0-shard-00-02.8pzw0.mongodb.net:27017', tagSet=TagSet{[Tag{name='nodeType', value='ELECTABLE'}, Tag{name='provider', value='AWS'}, Tag{name='region', value='EU_WEST_3'}, Tag{name='workloadType', value='OPERATIONAL'}]}, electionId=null, setVersion=1, topologyVersion=TopologyVersion{processId=6267feb89222a40e4c301841, counter=3}, lastWriteDate=Fri May 27 10:09:29 WEST 2022, lastUpdateTimeNanos=244219325580700}
2022-05-27 10:09:29.734  INFO 12748 --- [cluster-ClusterId{value='6290954953eecc7cdb9731fc', description='null'}-cluster0-shard-00-02.8pzw0.mongodb.net:27017] org.mongodb.driver.cluster               : Setting max election id to 7fffffff0000000000000003 from replica set primary cluster0-shard-00-02.8pzw0.mongodb.net:27017
2022-05-27 10:09:29.736  INFO 12748 --- [cluster-ClusterId{value='6290954953eecc7cdb9731fc', description='null'}-cluster0-shard-00-02.8pzw0.mongodb.net:27017] org.mongodb.driver.cluster               : Setting max set version to 1 from replica set primary cluster0-shard-00-02.8pzw0.mongodb.net:27017
2022-05-27 10:09:29.736  INFO 12748 --- [cluster-ClusterId{value='6290954953eecc7cdb9731fc', description='null'}-cluster0-shard-00-02.8pzw0.mongodb.net:27017] org.mongodb.driver.cluster               : Discovered replica set primary cluster0-shard-00-02.8pzw0.mongodb.net:27017
2022-05-27 10:09:29.737  WARN 12748 --- [main] ConfigServletWebServerApplicationContext : Exception encountered during context initialization - cancelling refresh attempt: org.springframework.context.ApplicationContextException: Failed to start bean 'webServerStartStop'; nested exception is org.springframework.boot.web.server.PortInUseException: Port 8080 is already in use
2022-05-27 10:09:29.886  INFO 12748 --- [main] o.apache.catalina.core.StandardService   : Stopping service [Tomcat]
2022-05-27 10:09:29.917  INFO 12748 --- [main] ConditionEvaluationReportLoggingListener : 

Error starting ApplicationContext. To display the conditions report re-run your application with 'debug' enabled.
2022-05-27 10:09:29.949 ERROR 12748 --- [main] o.s.b.d.LoggingFailureAnalysisReporter   : 

***************************
APPLICATION FAILED TO START
***************************

Description:

Web server failed to start. Port 8080 was already in use.

Action:

Identify and stop the process that's listening on port 8080 or configure this application to listen on another port.

2022-05-27 10:09:54.091  INFO 10936 --- [main] c.y.d.DeviceServiceApplication           : Starting DeviceServiceApplication using Java 17.0.1 on DESKTOP-N4GUMKU with PID 10936 (C:\Users\admin\Desktop\microservices\device-service\target\classes started by admin in C:\Users\admin\Desktop\microservices)
2022-05-27 10:09:54.094  INFO 10936 --- [main] c.y.d.DeviceServiceApplication           : No active profile set, falling back to 1 default profile: "default"
2022-05-27 10:09:54.564  INFO 10936 --- [main] .s.d.r.c.RepositoryConfigurationDelegate : Bootstrapping Spring Data MongoDB repositories in DEFAULT mode.
2022-05-27 10:09:54.603  INFO 10936 --- [main] .s.d.r.c.RepositoryConfigurationDelegate : Finished Spring Data repository scanning in 34 ms. Found 1 MongoDB repository interfaces.
2022-05-27 10:09:54.908  INFO 10936 --- [main] o.s.b.w.embedded.tomcat.TomcatWebServer  : Tomcat initialized with port(s): 8081 (http)
2022-05-27 10:09:54.920  INFO 10936 --- [main] o.apache.catalina.core.StandardService   : Starting service [Tomcat]
2022-05-27 10:09:54.920  INFO 10936 --- [main] org.apache.catalina.core.StandardEngine  : Starting Servlet engine: [Apache Tomcat/9.0.63]
2022-05-27 10:09:54.999  INFO 10936 --- [main] o.a.c.c.C.[Tomcat].[localhost].[/]       : Initializing Spring embedded WebApplicationContext
2022-05-27 10:09:54.999  INFO 10936 --- [main] w.s.c.ServletWebServerApplicationContext : Root WebApplicationContext: initialization completed in 859 ms
2022-05-27 10:09:55.164  INFO 10936 --- [main] org.mongodb.driver.client                : MongoClient with metadata {"driver": {"name": "mongo-java-driver|sync|spring-boot", "version": "4.6.0"}, "os": {"type": "Windows", "name": "Windows 10", "architecture": "amd64", "version": "10.0"}, "platform": "Java/Oracle Corporation/17.0.1+12-39"} created with settings MongoClientSettings{readPreference=primary, writeConcern=WriteConcern{w=majority, wTimeout=null ms, journal=null}, retryWrites=true, retryReads=true, readConcern=ReadConcern{level=null}, credential=MongoCredential{mechanism=null, userName='admin', source='admin', password=<hidden>, mechanismProperties=<hidden>}, streamFactoryFactory=null, commandListeners=[], codecRegistry=ProvidersCodecRegistry{codecProviders=[ValueCodecProvider{}, BsonValueCodecProvider{}, DBRefCodecProvider{}, DBObjectCodecProvider{}, DocumentCodecProvider{}, IterableCodecProvider{}, MapCodecProvider{}, GeoJsonCodecProvider{}, GridFSFileCodecProvider{}, Jsr310CodecProvider{}, JsonObjectCodecProvider{}, BsonCodecProvider{}, EnumCodecProvider{}, com.mongodb.Jep395RecordCodecProvider@3c3820bb]}, clusterSettings={hosts=[127.0.0.1:27017], srvHost=cluster0.8pzw0.mongodb.net, srvServiceName=mongodb, mode=MULTIPLE, requiredClusterType=REPLICA_SET, requiredReplicaSetName='atlas-jp7slh-shard-0', serverSelector='null', clusterListeners='[]', serverSelectionTimeout='30000 ms', localThreshold='30000 ms'}, socketSettings=SocketSettings{connectTimeoutMS=10000, readTimeoutMS=0, receiveBufferSize=0, sendBufferSize=0}, heartbeatSocketSettings=SocketSettings{connectTimeoutMS=10000, readTimeoutMS=10000, receiveBufferSize=0, sendBufferSize=0}, connectionPoolSettings=ConnectionPoolSettings{maxSize=100, minSize=0, maxWaitTimeMS=120000, maxConnectionLifeTimeMS=0, maxConnectionIdleTimeMS=0, maintenanceInitialDelayMS=0, maintenanceFrequencyMS=60000, connectionPoolListeners=[], maxConnecting=2}, serverSettings=ServerSettings{heartbeatFrequencyMS=10000, minHeartbeatFrequencyMS=500, serverListeners='[]', serverMonitorListeners='[]'}, sslSettings=SslSettings{enabled=true, invalidHostNameAllowed=false, context=null}, applicationName='null', compressorList=[], uuidRepresentation=JAVA_LEGACY, serverApi=null, autoEncryptionSettings=null, contextProvider=null}
2022-05-27 10:09:55.185  INFO 10936 --- [cluster-ClusterId{value='62909563b79cc81d807812da', description='null'}-srv-cluster0.8pzw0.mongodb.net] org.mongodb.driver.cluster               : Adding discovered server cluster0-shard-00-02.8pzw0.mongodb.net:27017 to client view of cluster
2022-05-27 10:09:55.200  INFO 10936 --- [cluster-ClusterId{value='62909563b79cc81d807812da', description='null'}-srv-cluster0.8pzw0.mongodb.net] org.mongodb.driver.cluster               : Adding discovered server cluster0-shard-00-00.8pzw0.mongodb.net:27017 to client view of cluster
2022-05-27 10:09:55.206  INFO 10936 --- [cluster-ClusterId{value='62909563b79cc81d807812da', description='null'}-srv-cluster0.8pzw0.mongodb.net] org.mongodb.driver.cluster               : Adding discovered server cluster0-shard-00-01.8pzw0.mongodb.net:27017 to client view of cluster
2022-05-27 10:09:55.645  INFO 10936 --- [cluster-rtt-ClusterId{value='62909563b79cc81d807812da', description='null'}-cluster0-shard-00-00.8pzw0.mongodb.net:27017] org.mongodb.driver.connection            : Opened connection [connectionId{localValue:4, serverValue:712052}] to cluster0-shard-00-00.8pzw0.mongodb.net:27017
2022-05-27 10:09:55.645  INFO 10936 --- [cluster-ClusterId{value='62909563b79cc81d807812da', description='null'}-cluster0-shard-00-00.8pzw0.mongodb.net:27017] org.mongodb.driver.connection            : Opened connection [connectionId{localValue:3, serverValue:712052}] to cluster0-shard-00-00.8pzw0.mongodb.net:27017
2022-05-27 10:09:55.645  INFO 10936 --- [cluster-ClusterId{value='62909563b79cc81d807812da', description='null'}-cluster0-shard-00-01.8pzw0.mongodb.net:27017] org.mongodb.driver.connection            : Opened connection [connectionId{localValue:5, serverValue:711333}] to cluster0-shard-00-01.8pzw0.mongodb.net:27017
2022-05-27 10:09:55.645  INFO 10936 --- [cluster-rtt-ClusterId{value='62909563b79cc81d807812da', description='null'}-cluster0-shard-00-02.8pzw0.mongodb.net:27017] org.mongodb.driver.connection            : Opened connection [connectionId{localValue:2, serverValue:713807}] to cluster0-shard-00-02.8pzw0.mongodb.net:27017
2022-05-27 10:09:55.645  INFO 10936 --- [cluster-rtt-ClusterId{value='62909563b79cc81d807812da', description='null'}-cluster0-shard-00-01.8pzw0.mongodb.net:27017] org.mongodb.driver.connection            : Opened connection [connectionId{localValue:6, serverValue:711333}] to cluster0-shard-00-01.8pzw0.mongodb.net:27017
2022-05-27 10:09:55.645  INFO 10936 --- [cluster-ClusterId{value='62909563b79cc81d807812da', description='null'}-cluster0-shard-00-02.8pzw0.mongodb.net:27017] org.mongodb.driver.connection            : Opened connection [connectionId{localValue:1, serverValue:713807}] to cluster0-shard-00-02.8pzw0.mongodb.net:27017
2022-05-27 10:09:55.645  INFO 10936 --- [cluster-ClusterId{value='62909563b79cc81d807812da', description='null'}-cluster0-shard-00-01.8pzw0.mongodb.net:27017] org.mongodb.driver.cluster               : Monitor thread successfully connected to server with description ServerDescription{address=cluster0-shard-00-01.8pzw0.mongodb.net:27017, type=REPLICA_SET_SECONDARY, state=CONNECTED, ok=true, minWireVersion=0, maxWireVersion=13, maxDocumentSize=16777216, logicalSessionTimeoutMinutes=30, roundTripTimeNanos=230753300, setName='atlas-jp7slh-shard-0', canonicalAddress=cluster0-shard-00-01.8pzw0.mongodb.net:27017, hosts=[cluster0-shard-00-01.8pzw0.mongodb.net:27017, cluster0-shard-00-00.8pzw0.mongodb.net:27017, cluster0-shard-00-02.8pzw0.mongodb.net:27017], passives=[], arbiters=[], primary='cluster0-shard-00-02.8pzw0.mongodb.net:27017', tagSet=TagSet{[Tag{name='nodeType', value='ELECTABLE'}, Tag{name='provider', value='AWS'}, Tag{name='region', value='EU_WEST_3'}, Tag{name='workloadType', value='OPERATIONAL'}]}, electionId=null, setVersion=1, topologyVersion=TopologyVersion{processId=6267feb89222a40e4c301841, counter=3}, lastWriteDate=Fri May 27 10:09:55 WEST 2022, lastUpdateTimeNanos=244245239164900}
2022-05-27 10:09:55.645  INFO 10936 --- [cluster-ClusterId{value='62909563b79cc81d807812da', description='null'}-cluster0-shard-00-00.8pzw0.mongodb.net:27017] org.mongodb.driver.cluster               : Monitor thread successfully connected to server with description ServerDescription{address=cluster0-shard-00-00.8pzw0.mongodb.net:27017, type=REPLICA_SET_SECONDARY, state=CONNECTED, ok=true, minWireVersion=0, maxWireVersion=13, maxDocumentSize=16777216, logicalSessionTimeoutMinutes=30, roundTripTimeNanos=222927500, setName='atlas-jp7slh-shard-0', canonicalAddress=cluster0-shard-00-00.8pzw0.mongodb.net:27017, hosts=[cluster0-shard-00-01.8pzw0.mongodb.net:27017, cluster0-shard-00-00.8pzw0.mongodb.net:27017, cluster0-shard-00-02.8pzw0.mongodb.net:27017], passives=[], arbiters=[], primary='cluster0-shard-00-02.8pzw0.mongodb.net:27017', tagSet=TagSet{[Tag{name='nodeType', value='ELECTABLE'}, Tag{name='provider', value='AWS'}, Tag{name='region', value='EU_WEST_3'}, Tag{name='workloadType', value='OPERATIONAL'}]}, electionId=null, setVersion=1, topologyVersion=TopologyVersion{processId=6267fe14ca21e1288c631b01, counter=4}, lastWriteDate=Fri May 27 10:09:55 WEST 2022, lastUpdateTimeNanos=244245239164900}
2022-05-27 10:09:55.645  INFO 10936 --- [cluster-ClusterId{value='62909563b79cc81d807812da', description='null'}-cluster0-shard-00-02.8pzw0.mongodb.net:27017] org.mongodb.driver.cluster               : Monitor thread successfully connected to server with description ServerDescription{address=cluster0-shard-00-02.8pzw0.mongodb.net:27017, type=REPLICA_SET_PRIMARY, state=CONNECTED, ok=true, minWireVersion=0, maxWireVersion=13, maxDocumentSize=16777216, logicalSessionTimeoutMinutes=30, roundTripTimeNanos=231476600, setName='atlas-jp7slh-shard-0', canonicalAddress=cluster0-shard-00-02.8pzw0.mongodb.net:27017, hosts=[cluster0-shard-00-01.8pzw0.mongodb.net:27017, cluster0-shard-00-00.8pzw0.mongodb.net:27017, cluster0-shard-00-02.8pzw0.mongodb.net:27017], passives=[], arbiters=[], primary='cluster0-shard-00-02.8pzw0.mongodb.net:27017', tagSet=TagSet{[Tag{name='nodeType', value='ELECTABLE'}, Tag{name='provider', value='AWS'}, Tag{name='region', value='EU_WEST_3'}, Tag{name='workloadType', value='OPERATIONAL'}]}, electionId=7fffffff0000000000000003, setVersion=1, topologyVersion=TopologyVersion{processId=6267fe678bf498efbca5ca10, counter=6}, lastWriteDate=Fri May 27 10:09:55 WEST 2022, lastUpdateTimeNanos=244245239170100}
2022-05-27 10:09:55.647  INFO 10936 --- [cluster-ClusterId{value='62909563b79cc81d807812da', description='null'}-cluster0-shard-00-02.8pzw0.mongodb.net:27017] org.mongodb.driver.cluster               : Setting max election id to 7fffffff0000000000000003 from replica set primary cluster0-shard-00-02.8pzw0.mongodb.net:27017
2022-05-27 10:09:55.648  INFO 10936 --- [cluster-ClusterId{value='62909563b79cc81d807812da', description='null'}-cluster0-shard-00-02.8pzw0.mongodb.net:27017] org.mongodb.driver.cluster               : Setting max set version to 1 from replica set primary cluster0-shard-00-02.8pzw0.mongodb.net:27017
2022-05-27 10:09:55.648  INFO 10936 --- [cluster-ClusterId{value='62909563b79cc81d807812da', description='null'}-cluster0-shard-00-02.8pzw0.mongodb.net:27017] org.mongodb.driver.cluster               : Discovered replica set primary cluster0-shard-00-02.8pzw0.mongodb.net:27017
2022-05-27 10:09:55.665  INFO 10936 --- [main] o.s.b.w.embedded.tomcat.TomcatWebServer  : Tomcat started on port(s): 8081 (http) with context path ''
2022-05-27 10:09:55.676  INFO 10936 --- [main] c.y.d.DeviceServiceApplication           : Started DeviceServiceApplication in 1.905 seconds (JVM running for 2.48)
2022-05-27 10:36:27.498  INFO 10936 --- [cluster-ClusterId{value='62909563b79cc81d807812da', description='null'}-cluster0-shard-00-01.8pzw0.mongodb.net:27017] org.mongodb.driver.cluster               : Exception in monitor thread while connecting to server cluster0-shard-00-01.8pzw0.mongodb.net:27017

com.mongodb.MongoSocketReadTimeoutException: Timeout while receiving message
	at com.mongodb.internal.connection.InternalStreamConnection.translateReadException(InternalStreamConnection.java:696) ~[mongodb-driver-core-4.6.0.jar:na]
	at com.mongodb.internal.connection.InternalStreamConnection.receiveMessageWithAdditionalTimeout(InternalStreamConnection.java:574) ~[mongodb-driver-core-4.6.0.jar:na]
	at com.mongodb.internal.connection.InternalStreamConnection.receiveCommandMessageResponse(InternalStreamConnection.java:410) ~[mongodb-driver-core-4.6.0.jar:na]
	at com.mongodb.internal.connection.InternalStreamConnection.receive(InternalStreamConnection.java:369) ~[mongodb-driver-core-4.6.0.jar:na]
	at com.mongodb.internal.connection.DefaultServerMonitor$ServerMonitorRunnable.lookupServerDescription(DefaultServerMonitor.java:221) ~[mongodb-driver-core-4.6.0.jar:na]
	at com.mongodb.internal.connection.DefaultServerMonitor$ServerMonitorRunnable.run(DefaultServerMonitor.java:157) ~[mongodb-driver-core-4.6.0.jar:na]
	at java.base/java.lang.Thread.run(Thread.java:833) ~[na:na]
Caused by: java.net.SocketTimeoutException: Read timed out
	at java.base/sun.nio.ch.NioSocketImpl.timedRead(NioSocketImpl.java:283) ~[na:na]
	at java.base/sun.nio.ch.NioSocketImpl.implRead(NioSocketImpl.java:309) ~[na:na]
	at java.base/sun.nio.ch.NioSocketImpl.read(NioSocketImpl.java:350) ~[na:na]
	at java.base/sun.nio.ch.NioSocketImpl$1.read(NioSocketImpl.java:803) ~[na:na]
	at java.base/java.net.Socket$SocketInputStream.read(Socket.java:966) ~[na:na]
	at java.base/sun.security.ssl.SSLSocketInputRecord.read(SSLSocketInputRecord.java:478) ~[na:na]
	at java.base/sun.security.ssl.SSLSocketInputRecord.readHeader(SSLSocketInputRecord.java:472) ~[na:na]
	at java.base/sun.security.ssl.SSLSocketInputRecord.bytesInCompletePacket(SSLSocketInputRecord.java:70) ~[na:na]
	at java.base/sun.security.ssl.SSLSocketImpl.readApplicationRecord(SSLSocketImpl.java:1455) ~[na:na]
	at java.base/sun.security.ssl.SSLSocketImpl$AppInputStream.read(SSLSocketImpl.java:1059) ~[na:na]
	at com.mongodb.internal.connection.SocketStream.read(SocketStream.java:110) ~[mongodb-driver-core-4.6.0.jar:na]
	at com.mongodb.internal.connection.SocketStream.read(SocketStream.java:135) ~[mongodb-driver-core-4.6.0.jar:na]
	at com.mongodb.internal.connection.InternalStreamConnection.receiveResponseBuffers(InternalStreamConnection.java:713) ~[mongodb-driver-core-4.6.0.jar:na]
	at com.mongodb.internal.connection.InternalStreamConnection.receiveMessageWithAdditionalTimeout(InternalStreamConnection.java:571) ~[mongodb-driver-core-4.6.0.jar:na]
	... 5 common frames omitted

2022-05-27 10:36:27.498  INFO 10936 --- [cluster-ClusterId{value='62909563b79cc81d807812da', description='null'}-cluster0-shard-00-00.8pzw0.mongodb.net:27017] org.mongodb.driver.cluster               : Exception in monitor thread while connecting to server cluster0-shard-00-00.8pzw0.mongodb.net:27017

com.mongodb.MongoSocketReadTimeoutException: Timeout while receiving message
	at com.mongodb.internal.connection.InternalStreamConnection.translateReadException(InternalStreamConnection.java:696) ~[mongodb-driver-core-4.6.0.jar:na]
	at com.mongodb.internal.connection.InternalStreamConnection.receiveMessageWithAdditionalTimeout(InternalStreamConnection.java:574) ~[mongodb-driver-core-4.6.0.jar:na]
	at com.mongodb.internal.connection.InternalStreamConnection.receiveCommandMessageResponse(InternalStreamConnection.java:410) ~[mongodb-driver-core-4.6.0.jar:na]
	at com.mongodb.internal.connection.InternalStreamConnection.receive(InternalStreamConnection.java:369) ~[mongodb-driver-core-4.6.0.jar:na]
	at com.mongodb.internal.connection.DefaultServerMonitor$ServerMonitorRunnable.lookupServerDescription(DefaultServerMonitor.java:221) ~[mongodb-driver-core-4.6.0.jar:na]
	at com.mongodb.internal.connection.DefaultServerMonitor$ServerMonitorRunnable.run(DefaultServerMonitor.java:157) ~[mongodb-driver-core-4.6.0.jar:na]
	at java.base/java.lang.Thread.run(Thread.java:833) ~[na:na]
Caused by: java.net.SocketTimeoutException: Read timed out
	at java.base/sun.nio.ch.NioSocketImpl.timedRead(NioSocketImpl.java:283) ~[na:na]
	at java.base/sun.nio.ch.NioSocketImpl.implRead(NioSocketImpl.java:309) ~[na:na]
	at java.base/sun.nio.ch.NioSocketImpl.read(NioSocketImpl.java:350) ~[na:na]
	at java.base/sun.nio.ch.NioSocketImpl$1.read(NioSocketImpl.java:803) ~[na:na]
	at java.base/java.net.Socket$SocketInputStream.read(Socket.java:966) ~[na:na]
	at java.base/sun.security.ssl.SSLSocketInputRecord.read(SSLSocketInputRecord.java:478) ~[na:na]
	at java.base/sun.security.ssl.SSLSocketInputRecord.readHeader(SSLSocketInputRecord.java:472) ~[na:na]
	at java.base/sun.security.ssl.SSLSocketInputRecord.bytesInCompletePacket(SSLSocketInputRecord.java:70) ~[na:na]
	at java.base/sun.security.ssl.SSLSocketImpl.readApplicationRecord(SSLSocketImpl.java:1455) ~[na:na]
	at java.base/sun.security.ssl.SSLSocketImpl$AppInputStream.read(SSLSocketImpl.java:1059) ~[na:na]
	at com.mongodb.internal.connection.SocketStream.read(SocketStream.java:110) ~[mongodb-driver-core-4.6.0.jar:na]
	at com.mongodb.internal.connection.SocketStream.read(SocketStream.java:135) ~[mongodb-driver-core-4.6.0.jar:na]
	at com.mongodb.internal.connection.InternalStreamConnection.receiveResponseBuffers(InternalStreamConnection.java:713) ~[mongodb-driver-core-4.6.0.jar:na]
	at com.mongodb.internal.connection.InternalStreamConnection.receiveMessageWithAdditionalTimeout(InternalStreamConnection.java:571) ~[mongodb-driver-core-4.6.0.jar:na]
	... 5 common frames omitted

2022-05-27 10:36:27.498  INFO 10936 --- [cluster-ClusterId{value='62909563b79cc81d807812da', description='null'}-cluster0-shard-00-02.8pzw0.mongodb.net:27017] org.mongodb.driver.cluster               : Exception in monitor thread while connecting to server cluster0-shard-00-02.8pzw0.mongodb.net:27017

com.mongodb.MongoSocketReadTimeoutException: Timeout while receiving message
	at com.mongodb.internal.connection.InternalStreamConnection.translateReadException(InternalStreamConnection.java:696) ~[mongodb-driver-core-4.6.0.jar:na]
	at com.mongodb.internal.connection.InternalStreamConnection.receiveMessageWithAdditionalTimeout(InternalStreamConnection.java:574) ~[mongodb-driver-core-4.6.0.jar:na]
	at com.mongodb.internal.connection.InternalStreamConnection.receiveCommandMessageResponse(InternalStreamConnection.java:410) ~[mongodb-driver-core-4.6.0.jar:na]
	at com.mongodb.internal.connection.InternalStreamConnection.receive(InternalStreamConnection.java:369) ~[mongodb-driver-core-4.6.0.jar:na]
	at com.mongodb.internal.connection.DefaultServerMonitor$ServerMonitorRunnable.lookupServerDescription(DefaultServerMonitor.java:221) ~[mongodb-driver-core-4.6.0.jar:na]
	at com.mongodb.internal.connection.DefaultServerMonitor$ServerMonitorRunnable.run(DefaultServerMonitor.java:157) ~[mongodb-driver-core-4.6.0.jar:na]
	at java.base/java.lang.Thread.run(Thread.java:833) ~[na:na]
Caused by: java.net.SocketTimeoutException: Read timed out
	at java.base/sun.nio.ch.NioSocketImpl.timedRead(NioSocketImpl.java:283) ~[na:na]
	at java.base/sun.nio.ch.NioSocketImpl.implRead(NioSocketImpl.java:309) ~[na:na]
	at java.base/sun.nio.ch.NioSocketImpl.read(NioSocketImpl.java:350) ~[na:na]
	at java.base/sun.nio.ch.NioSocketImpl$1.read(NioSocketImpl.java:803) ~[na:na]
	at java.base/java.net.Socket$SocketInputStream.read(Socket.java:966) ~[na:na]
	at java.base/sun.security.ssl.SSLSocketInputRecord.read(SSLSocketInputRecord.java:478) ~[na:na]
	at java.base/sun.security.ssl.SSLSocketInputRecord.readHeader(SSLSocketInputRecord.java:472) ~[na:na]
	at java.base/sun.security.ssl.SSLSocketInputRecord.bytesInCompletePacket(SSLSocketInputRecord.java:70) ~[na:na]
	at java.base/sun.security.ssl.SSLSocketImpl.readApplicationRecord(SSLSocketImpl.java:1455) ~[na:na]
	at java.base/sun.security.ssl.SSLSocketImpl$AppInputStream.read(SSLSocketImpl.java:1059) ~[na:na]
	at com.mongodb.internal.connection.SocketStream.read(SocketStream.java:110) ~[mongodb-driver-core-4.6.0.jar:na]
	at com.mongodb.internal.connection.SocketStream.read(SocketStream.java:135) ~[mongodb-driver-core-4.6.0.jar:na]
	at com.mongodb.internal.connection.InternalStreamConnection.receiveResponseBuffers(InternalStreamConnection.java:713) ~[mongodb-driver-core-4.6.0.jar:na]
	at com.mongodb.internal.connection.InternalStreamConnection.receiveMessageWithAdditionalTimeout(InternalStreamConnection.java:571) ~[mongodb-driver-core-4.6.0.jar:na]
	... 5 common frames omitted

2022-05-27 10:36:27.855  INFO 10936 --- [cluster-ClusterId{value='62909563b79cc81d807812da', description='null'}-cluster0-shard-00-02.8pzw0.mongodb.net:27017] org.mongodb.driver.connection            : Opened connection [connectionId{localValue:9, serverValue:714161}] to cluster0-shard-00-02.8pzw0.mongodb.net:27017
2022-05-27 10:36:27.860  INFO 10936 --- [cluster-ClusterId{value='62909563b79cc81d807812da', description='null'}-cluster0-shard-00-01.8pzw0.mongodb.net:27017] org.mongodb.driver.connection            : Opened connection [connectionId{localValue:7, serverValue:711704}] to cluster0-shard-00-01.8pzw0.mongodb.net:27017
2022-05-27 10:36:27.860  INFO 10936 --- [cluster-ClusterId{value='62909563b79cc81d807812da', description='null'}-cluster0-shard-00-00.8pzw0.mongodb.net:27017] org.mongodb.driver.connection            : Opened connection [connectionId{localValue:8, serverValue:712419}] to cluster0-shard-00-00.8pzw0.mongodb.net:27017
2022-05-27 10:36:27.861  INFO 10936 --- [cluster-ClusterId{value='62909563b79cc81d807812da', description='null'}-cluster0-shard-00-02.8pzw0.mongodb.net:27017] org.mongodb.driver.cluster               : Monitor thread successfully connected to server with description ServerDescription{address=cluster0-shard-00-02.8pzw0.mongodb.net:27017, type=REPLICA_SET_PRIMARY, state=CONNECTED, ok=true, minWireVersion=0, maxWireVersion=13, maxDocumentSize=16777216, logicalSessionTimeoutMinutes=30, roundTripTimeNanos=220048800, setName='atlas-jp7slh-shard-0', canonicalAddress=cluster0-shard-00-02.8pzw0.mongodb.net:27017, hosts=[cluster0-shard-00-01.8pzw0.mongodb.net:27017, cluster0-shard-00-00.8pzw0.mongodb.net:27017, cluster0-shard-00-02.8pzw0.mongodb.net:27017], passives=[], arbiters=[], primary='cluster0-shard-00-02.8pzw0.mongodb.net:27017', tagSet=TagSet{[Tag{name='nodeType', value='ELECTABLE'}, Tag{name='provider', value='AWS'}, Tag{name='region', value='EU_WEST_3'}, Tag{name='workloadType', value='OPERATIONAL'}]}, electionId=7fffffff0000000000000003, setVersion=1, topologyVersion=TopologyVersion{processId=6267fe678bf498efbca5ca10, counter=6}, lastWriteDate=Fri May 27 10:36:27 WEST 2022, lastUpdateTimeNanos=245837450965400}
2022-05-27 10:36:27.861  INFO 10936 --- [cluster-ClusterId{value='62909563b79cc81d807812da', description='null'}-cluster0-shard-00-01.8pzw0.mongodb.net:27017] org.mongodb.driver.cluster               : Monitor thread successfully connected to server with description ServerDescription{address=cluster0-shard-00-01.8pzw0.mongodb.net:27017, type=REPLICA_SET_SECONDARY, state=CONNECTED, ok=true, minWireVersion=0, maxWireVersion=13, maxDocumentSize=16777216, logicalSessionTimeoutMinutes=30, roundTripTimeNanos=220872700, setName='atlas-jp7slh-shard-0', canonicalAddress=cluster0-shard-00-01.8pzw0.mongodb.net:27017, hosts=[cluster0-shard-00-01.8pzw0.mongodb.net:27017, cluster0-shard-00-00.8pzw0.mongodb.net:27017, cluster0-shard-00-02.8pzw0.mongodb.net:27017], passives=[], arbiters=[], primary='cluster0-shard-00-02.8pzw0.mongodb.net:27017', tagSet=TagSet{[Tag{name='nodeType', value='ELECTABLE'}, Tag{name='provider', value='AWS'}, Tag{name='region', value='EU_WEST_3'}, Tag{name='workloadType', value='OPERATIONAL'}]}, electionId=null, setVersion=1, topologyVersion=TopologyVersion{processId=6267feb89222a40e4c301841, counter=3}, lastWriteDate=Fri May 27 10:36:27 WEST 2022, lastUpdateTimeNanos=245837455546900}
2022-05-27 10:36:27.861  INFO 10936 --- [cluster-ClusterId{value='62909563b79cc81d807812da', description='null'}-cluster0-shard-00-00.8pzw0.mongodb.net:27017] org.mongodb.driver.cluster               : Monitor thread successfully connected to server with description ServerDescription{address=cluster0-shard-00-00.8pzw0.mongodb.net:27017, type=REPLICA_SET_SECONDARY, state=CONNECTED, ok=true, minWireVersion=0, maxWireVersion=13, maxDocumentSize=16777216, logicalSessionTimeoutMinutes=30, roundTripTimeNanos=218023000, setName='atlas-jp7slh-shard-0', canonicalAddress=cluster0-shard-00-00.8pzw0.mongodb.net:27017, hosts=[cluster0-shard-00-01.8pzw0.mongodb.net:27017, cluster0-shard-00-00.8pzw0.mongodb.net:27017, cluster0-shard-00-02.8pzw0.mongodb.net:27017], passives=[], arbiters=[], primary='cluster0-shard-00-02.8pzw0.mongodb.net:27017', tagSet=TagSet{[Tag{name='nodeType', value='ELECTABLE'}, Tag{name='provider', value='AWS'}, Tag{name='region', value='EU_WEST_3'}, Tag{name='workloadType', value='OPERATIONAL'}]}, electionId=null, setVersion=1, topologyVersion=TopologyVersion{processId=6267fe14ca21e1288c631b01, counter=4}, lastWriteDate=Fri May 27 10:36:27 WEST 2022, lastUpdateTimeNanos=245837455732200}
2022-05-27 10:36:27.861  INFO 10936 --- [cluster-ClusterId{value='62909563b79cc81d807812da', description='null'}-cluster0-shard-00-02.8pzw0.mongodb.net:27017] org.mongodb.driver.cluster               : Discovered replica set primary cluster0-shard-00-02.8pzw0.mongodb.net:27017
2022-05-27 10:36:29.001  INFO 10936 --- [cluster-rtt-ClusterId{value='62909563b79cc81d807812da', description='null'}-cluster0-shard-00-02.8pzw0.mongodb.net:27017] org.mongodb.driver.connection            : Opened connection [connectionId{localValue:10, serverValue:714161}] to cluster0-shard-00-02.8pzw0.mongodb.net:27017
2022-05-27 10:36:29.121  INFO 10936 --- [cluster-rtt-ClusterId{value='62909563b79cc81d807812da', description='null'}-cluster0-shard-00-01.8pzw0.mongodb.net:27017] org.mongodb.driver.connection            : Opened connection [connectionId{localValue:11, serverValue:711715}] to cluster0-shard-00-01.8pzw0.mongodb.net:27017
2022-05-27 10:36:29.331  INFO 10936 --- [cluster-rtt-ClusterId{value='62909563b79cc81d807812da', description='null'}-cluster0-shard-00-00.8pzw0.mongodb.net:27017] org.mongodb.driver.connection            : Opened connection [connectionId{localValue:12, serverValue:712431}] to cluster0-shard-00-00.8pzw0.mongodb.net:27017
2022-05-27 11:34:22.283  INFO 10936 --- [cluster-rtt-ClusterId{value='62909563b79cc81d807812da', description='null'}-cluster0-shard-00-02.8pzw0.mongodb.net:27017] org.mongodb.driver.connection            : Opened connection [connectionId{localValue:13, serverValue:715018}] to cluster0-shard-00-02.8pzw0.mongodb.net:27017
2022-05-27 11:34:22.704  INFO 10936 --- [cluster-rtt-ClusterId{value='62909563b79cc81d807812da', description='null'}-cluster0-shard-00-00.8pzw0.mongodb.net:27017] org.mongodb.driver.connection            : Opened connection [connectionId{localValue:14, serverValue:713262}] to cluster0-shard-00-00.8pzw0.mongodb.net:27017
2022-05-27 11:34:23.253  INFO 10936 --- [cluster-rtt-ClusterId{value='62909563b79cc81d807812da', description='null'}-cluster0-shard-00-01.8pzw0.mongodb.net:27017] org.mongodb.driver.connection            : Opened connection [connectionId{localValue:15, serverValue:712546}] to cluster0-shard-00-01.8pzw0.mongodb.net:27017
2022-05-27 11:34:23.776  INFO 10936 --- [cluster-ClusterId{value='62909563b79cc81d807812da', description='null'}-cluster0-shard-00-00.8pzw0.mongodb.net:27017] org.mongodb.driver.cluster               : Exception in monitor thread while connecting to server cluster0-shard-00-00.8pzw0.mongodb.net:27017

com.mongodb.MongoSocketReadTimeoutException: Timeout while receiving message
	at com.mongodb.internal.connection.InternalStreamConnection.translateReadException(InternalStreamConnection.java:696) ~[mongodb-driver-core-4.6.0.jar:na]
	at com.mongodb.internal.connection.InternalStreamConnection.receiveMessageWithAdditionalTimeout(InternalStreamConnection.java:574) ~[mongodb-driver-core-4.6.0.jar:na]
	at com.mongodb.internal.connection.InternalStreamConnection.receiveCommandMessageResponse(InternalStreamConnection.java:410) ~[mongodb-driver-core-4.6.0.jar:na]
	at com.mongodb.internal.connection.InternalStreamConnection.receive(InternalStreamConnection.java:369) ~[mongodb-driver-core-4.6.0.jar:na]
	at com.mongodb.internal.connection.DefaultServerMonitor$ServerMonitorRunnable.lookupServerDescription(DefaultServerMonitor.java:221) ~[mongodb-driver-core-4.6.0.jar:na]
	at com.mongodb.internal.connection.DefaultServerMonitor$ServerMonitorRunnable.run(DefaultServerMonitor.java:157) ~[mongodb-driver-core-4.6.0.jar:na]
	at java.base/java.lang.Thread.run(Thread.java:833) ~[na:na]
Caused by: java.net.SocketTimeoutException: Read timed out
	at java.base/sun.nio.ch.NioSocketImpl.timedRead(NioSocketImpl.java:283) ~[na:na]
	at java.base/sun.nio.ch.NioSocketImpl.implRead(NioSocketImpl.java:309) ~[na:na]
	at java.base/sun.nio.ch.NioSocketImpl.read(NioSocketImpl.java:350) ~[na:na]
	at java.base/sun.nio.ch.NioSocketImpl$1.read(NioSocketImpl.java:803) ~[na:na]
	at java.base/java.net.Socket$SocketInputStream.read(Socket.java:966) ~[na:na]
	at java.base/sun.security.ssl.SSLSocketInputRecord.read(SSLSocketInputRecord.java:478) ~[na:na]
	at java.base/sun.security.ssl.SSLSocketInputRecord.readHeader(SSLSocketInputRecord.java:472) ~[na:na]
	at java.base/sun.security.ssl.SSLSocketInputRecord.bytesInCompletePacket(SSLSocketInputRecord.java:70) ~[na:na]
	at java.base/sun.security.ssl.SSLSocketImpl.readApplicationRecord(SSLSocketImpl.java:1455) ~[na:na]
	at java.base/sun.security.ssl.SSLSocketImpl$AppInputStream.read(SSLSocketImpl.java:1059) ~[na:na]
	at com.mongodb.internal.connection.SocketStream.read(SocketStream.java:110) ~[mongodb-driver-core-4.6.0.jar:na]
	at com.mongodb.internal.connection.SocketStream.read(SocketStream.java:135) ~[mongodb-driver-core-4.6.0.jar:na]
	at com.mongodb.internal.connection.InternalStreamConnection.receiveResponseBuffers(InternalStreamConnection.java:713) ~[mongodb-driver-core-4.6.0.jar:na]
	at com.mongodb.internal.connection.InternalStreamConnection.receiveMessageWithAdditionalTimeout(InternalStreamConnection.java:571) ~[mongodb-driver-core-4.6.0.jar:na]
	... 5 common frames omitted

2022-05-27 11:34:23.776  INFO 10936 --- [cluster-ClusterId{value='62909563b79cc81d807812da', description='null'}-cluster0-shard-00-01.8pzw0.mongodb.net:27017] org.mongodb.driver.cluster               : Exception in monitor thread while connecting to server cluster0-shard-00-01.8pzw0.mongodb.net:27017

com.mongodb.MongoSocketReadTimeoutException: Timeout while receiving message
	at com.mongodb.internal.connection.InternalStreamConnection.translateReadException(InternalStreamConnection.java:696) ~[mongodb-driver-core-4.6.0.jar:na]
	at com.mongodb.internal.connection.InternalStreamConnection.receiveMessageWithAdditionalTimeout(InternalStreamConnection.java:574) ~[mongodb-driver-core-4.6.0.jar:na]
	at com.mongodb.internal.connection.InternalStreamConnection.receiveCommandMessageResponse(InternalStreamConnection.java:410) ~[mongodb-driver-core-4.6.0.jar:na]
	at com.mongodb.internal.connection.InternalStreamConnection.receive(InternalStreamConnection.java:369) ~[mongodb-driver-core-4.6.0.jar:na]
	at com.mongodb.internal.connection.DefaultServerMonitor$ServerMonitorRunnable.lookupServerDescription(DefaultServerMonitor.java:221) ~[mongodb-driver-core-4.6.0.jar:na]
	at com.mongodb.internal.connection.DefaultServerMonitor$ServerMonitorRunnable.run(DefaultServerMonitor.java:157) ~[mongodb-driver-core-4.6.0.jar:na]
	at java.base/java.lang.Thread.run(Thread.java:833) ~[na:na]
Caused by: java.net.SocketTimeoutException: Read timed out
	at java.base/sun.nio.ch.NioSocketImpl.timedRead(NioSocketImpl.java:283) ~[na:na]
	at java.base/sun.nio.ch.NioSocketImpl.implRead(NioSocketImpl.java:309) ~[na:na]
	at java.base/sun.nio.ch.NioSocketImpl.read(NioSocketImpl.java:350) ~[na:na]
	at java.base/sun.nio.ch.NioSocketImpl$1.read(NioSocketImpl.java:803) ~[na:na]
	at java.base/java.net.Socket$SocketInputStream.read(Socket.java:966) ~[na:na]
	at java.base/sun.security.ssl.SSLSocketInputRecord.read(SSLSocketInputRecord.java:478) ~[na:na]
	at java.base/sun.security.ssl.SSLSocketInputRecord.readHeader(SSLSocketInputRecord.java:472) ~[na:na]
	at java.base/sun.security.ssl.SSLSocketInputRecord.bytesInCompletePacket(SSLSocketInputRecord.java:70) ~[na:na]
	at java.base/sun.security.ssl.SSLSocketImpl.readApplicationRecord(SSLSocketImpl.java:1455) ~[na:na]
	at java.base/sun.security.ssl.SSLSocketImpl$AppInputStream.read(SSLSocketImpl.java:1059) ~[na:na]
	at com.mongodb.internal.connection.SocketStream.read(SocketStream.java:110) ~[mongodb-driver-core-4.6.0.jar:na]
	at com.mongodb.internal.connection.SocketStream.read(SocketStream.java:135) ~[mongodb-driver-core-4.6.0.jar:na]
	at com.mongodb.internal.connection.InternalStreamConnection.receiveResponseBuffers(InternalStreamConnection.java:713) ~[mongodb-driver-core-4.6.0.jar:na]
	at com.mongodb.internal.connection.InternalStreamConnection.receiveMessageWithAdditionalTimeout(InternalStreamConnection.java:571) ~[mongodb-driver-core-4.6.0.jar:na]
	... 5 common frames omitted

2022-05-27 11:34:23.776  INFO 10936 --- [cluster-ClusterId{value='62909563b79cc81d807812da', description='null'}-cluster0-shard-00-02.8pzw0.mongodb.net:27017] org.mongodb.driver.cluster               : Exception in monitor thread while connecting to server cluster0-shard-00-02.8pzw0.mongodb.net:27017

com.mongodb.MongoSocketReadTimeoutException: Timeout while receiving message
	at com.mongodb.internal.connection.InternalStreamConnection.translateReadException(InternalStreamConnection.java:696) ~[mongodb-driver-core-4.6.0.jar:na]
	at com.mongodb.internal.connection.InternalStreamConnection.receiveMessageWithAdditionalTimeout(InternalStreamConnection.java:574) ~[mongodb-driver-core-4.6.0.jar:na]
	at com.mongodb.internal.connection.InternalStreamConnection.receiveCommandMessageResponse(InternalStreamConnection.java:410) ~[mongodb-driver-core-4.6.0.jar:na]
	at com.mongodb.internal.connection.InternalStreamConnection.receive(InternalStreamConnection.java:369) ~[mongodb-driver-core-4.6.0.jar:na]
	at com.mongodb.internal.connection.DefaultServerMonitor$ServerMonitorRunnable.lookupServerDescription(DefaultServerMonitor.java:221) ~[mongodb-driver-core-4.6.0.jar:na]
	at com.mongodb.internal.connection.DefaultServerMonitor$ServerMonitorRunnable.run(DefaultServerMonitor.java:157) ~[mongodb-driver-core-4.6.0.jar:na]
	at java.base/java.lang.Thread.run(Thread.java:833) ~[na:na]
Caused by: java.net.SocketTimeoutException: Read timed out
	at java.base/sun.nio.ch.NioSocketImpl.timedRead(NioSocketImpl.java:283) ~[na:na]
	at java.base/sun.nio.ch.NioSocketImpl.implRead(NioSocketImpl.java:309) ~[na:na]
	at java.base/sun.nio.ch.NioSocketImpl.read(NioSocketImpl.java:350) ~[na:na]
	at java.base/sun.nio.ch.NioSocketImpl$1.read(NioSocketImpl.java:803) ~[na:na]
	at java.base/java.net.Socket$SocketInputStream.read(Socket.java:966) ~[na:na]
	at java.base/sun.security.ssl.SSLSocketInputRecord.read(SSLSocketInputRecord.java:478) ~[na:na]
	at java.base/sun.security.ssl.SSLSocketInputRecord.readHeader(SSLSocketInputRecord.java:472) ~[na:na]
	at java.base/sun.security.ssl.SSLSocketInputRecord.bytesInCompletePacket(SSLSocketInputRecord.java:70) ~[na:na]
	at java.base/sun.security.ssl.SSLSocketImpl.readApplicationRecord(SSLSocketImpl.java:1455) ~[na:na]
	at java.base/sun.security.ssl.SSLSocketImpl$AppInputStream.read(SSLSocketImpl.java:1059) ~[na:na]
	at com.mongodb.internal.connection.SocketStream.read(SocketStream.java:110) ~[mongodb-driver-core-4.6.0.jar:na]
	at com.mongodb.internal.connection.SocketStream.read(SocketStream.java:135) ~[mongodb-driver-core-4.6.0.jar:na]
	at com.mongodb.internal.connection.InternalStreamConnection.receiveResponseBuffers(InternalStreamConnection.java:713) ~[mongodb-driver-core-4.6.0.jar:na]
	at com.mongodb.internal.connection.InternalStreamConnection.receiveMessageWithAdditionalTimeout(InternalStreamConnection.java:571) ~[mongodb-driver-core-4.6.0.jar:na]
	... 5 common frames omitted

2022-05-27 11:34:23.977  INFO 10936 --- [cluster-ClusterId{value='62909563b79cc81d807812da', description='null'}-cluster0-shard-00-02.8pzw0.mongodb.net:27017] org.mongodb.driver.connection            : Opened connection [connectionId{localValue:17, serverValue:715017}] to cluster0-shard-00-02.8pzw0.mongodb.net:27017
2022-05-27 11:34:23.978  INFO 10936 --- [cluster-ClusterId{value='62909563b79cc81d807812da', description='null'}-cluster0-shard-00-01.8pzw0.mongodb.net:27017] org.mongodb.driver.connection            : Opened connection [connectionId{localValue:18, serverValue:712546}] to cluster0-shard-00-01.8pzw0.mongodb.net:27017
2022-05-27 11:34:23.980  INFO 10936 --- [cluster-ClusterId{value='62909563b79cc81d807812da', description='null'}-cluster0-shard-00-00.8pzw0.mongodb.net:27017] org.mongodb.driver.connection            : Opened connection [connectionId{localValue:16, serverValue:713262}] to cluster0-shard-00-00.8pzw0.mongodb.net:27017
2022-05-27 11:34:23.982  INFO 10936 --- [cluster-ClusterId{value='62909563b79cc81d807812da', description='null'}-cluster0-shard-00-00.8pzw0.mongodb.net:27017] org.mongodb.driver.cluster               : Monitor thread successfully connected to server with description ServerDescription{address=cluster0-shard-00-00.8pzw0.mongodb.net:27017, type=REPLICA_SET_SECONDARY, state=CONNECTED, ok=true, minWireVersion=0, maxWireVersion=13, maxDocumentSize=16777216, logicalSessionTimeoutMinutes=30, roundTripTimeNanos=136398500, setName='atlas-jp7slh-shard-0', canonicalAddress=cluster0-shard-00-00.8pzw0.mongodb.net:27017, hosts=[cluster0-shard-00-01.8pzw0.mongodb.net:27017, cluster0-shard-00-00.8pzw0.mongodb.net:27017, cluster0-shard-00-02.8pzw0.mongodb.net:27017], passives=[], arbiters=[], primary='cluster0-shard-00-02.8pzw0.mongodb.net:27017', tagSet=TagSet{[Tag{name='nodeType', value='ELECTABLE'}, Tag{name='provider', value='AWS'}, Tag{name='region', value='EU_WEST_3'}, Tag{name='workloadType', value='OPERATIONAL'}]}, electionId=null, setVersion=1, topologyVersion=TopologyVersion{processId=6267fe14ca21e1288c631b01, counter=4}, lastWriteDate=Fri May 27 11:34:24 WEST 2022, lastUpdateTimeNanos=249313575454600}
2022-05-27 11:34:23.981  INFO 10936 --- [cluster-ClusterId{value='62909563b79cc81d807812da', description='null'}-cluster0-shard-00-01.8pzw0.mongodb.net:27017] org.mongodb.driver.cluster               : Monitor thread successfully connected to server with description ServerDescription{address=cluster0-shard-00-01.8pzw0.mongodb.net:27017, type=REPLICA_SET_SECONDARY, state=CONNECTED, ok=true, minWireVersion=0, maxWireVersion=13, maxDocumentSize=16777216, logicalSessionTimeoutMinutes=30, roundTripTimeNanos=132657300, setName='atlas-jp7slh-shard-0', canonicalAddress=cluster0-shard-00-01.8pzw0.mongodb.net:27017, hosts=[cluster0-shard-00-01.8pzw0.mongodb.net:27017, cluster0-shard-00-00.8pzw0.mongodb.net:27017, cluster0-shard-00-02.8pzw0.mongodb.net:27017], passives=[], arbiters=[], primary='cluster0-shard-00-02.8pzw0.mongodb.net:27017', tagSet=TagSet{[Tag{name='nodeType', value='ELECTABLE'}, Tag{name='provider', value='AWS'}, Tag{name='region', value='EU_WEST_3'}, Tag{name='workloadType', value='OPERATIONAL'}]}, electionId=null, setVersion=1, topologyVersion=TopologyVersion{processId=6267feb89222a40e4c301841, counter=3}, lastWriteDate=Fri May 27 11:34:24 WEST 2022, lastUpdateTimeNanos=249313572916800}
2022-05-27 11:34:23.982  INFO 10936 --- [cluster-ClusterId{value='62909563b79cc81d807812da', description='null'}-cluster0-shard-00-02.8pzw0.mongodb.net:27017] org.mongodb.driver.cluster               : Monitor thread successfully connected to server with description ServerDescription{address=cluster0-shard-00-02.8pzw0.mongodb.net:27017, type=REPLICA_SET_PRIMARY, state=CONNECTED, ok=true, minWireVersion=0, maxWireVersion=13, maxDocumentSize=16777216, logicalSessionTimeoutMinutes=30, roundTripTimeNanos=133150600, setName='atlas-jp7slh-shard-0', canonicalAddress=cluster0-shard-00-02.8pzw0.mongodb.net:27017, hosts=[cluster0-shard-00-01.8pzw0.mongodb.net:27017, cluster0-shard-00-00.8pzw0.mongodb.net:27017, cluster0-shard-00-02.8pzw0.mongodb.net:27017], passives=[], arbiters=[], primary='cluster0-shard-00-02.8pzw0.mongodb.net:27017', tagSet=TagSet{[Tag{name='nodeType', value='ELECTABLE'}, Tag{name='provider', value='AWS'}, Tag{name='region', value='EU_WEST_3'}, Tag{name='workloadType', value='OPERATIONAL'}]}, electionId=7fffffff0000000000000003, setVersion=1, topologyVersion=TopologyVersion{processId=6267fe678bf498efbca5ca10, counter=6}, lastWriteDate=Fri May 27 11:34:24 WEST 2022, lastUpdateTimeNanos=249313572207700}
2022-05-27 11:34:23.987  INFO 10936 --- [cluster-ClusterId{value='62909563b79cc81d807812da', description='null'}-cluster0-shard-00-02.8pzw0.mongodb.net:27017] org.mongodb.driver.cluster               : Discovered replica set primary cluster0-shard-00-02.8pzw0.mongodb.net:27017
